<?xml version="1.0" encoding="UTF-8"?>
<testsuite name="com.example.project.LinearCalculatorTest" tests="17" skipped="0" failures="0" errors="0" timestamp="2024-10-22T16:21:22" hostname="codespaces-2b76e4" time="0.251">
  <properties/>
  <testcase name="testGetX1()" classname="com.example.project.LinearCalculatorTest" time="0.041"/>
  <testcase name="testGetX2()" classname="com.example.project.LinearCalculatorTest" time="0.001"/>
  <testcase name="testGetY1()" classname="com.example.project.LinearCalculatorTest" time="0.001"/>
  <testcase name="testGetY2()" classname="com.example.project.LinearCalculatorTest" time="0.0"/>
  <testcase name="testSetX1()" classname="com.example.project.LinearCalculatorTest" time="0.014"/>
  <testcase name="testSetX2()" classname="com.example.project.LinearCalculatorTest" time="0.003"/>
  <testcase name="testSetY1()" classname="com.example.project.LinearCalculatorTest" time="0.0"/>
  <testcase name="testSetY2()" classname="com.example.project.LinearCalculatorTest" time="0.001"/>
  <testcase name="testSlope()" classname="com.example.project.LinearCalculatorTest" time="0.003"/>
  <testcase name="testYint()" classname="com.example.project.LinearCalculatorTest" time="0.001"/>
  <testcase name="testPrintInfo1()" classname="com.example.project.LinearCalculatorTest" time="0.079"/>
  <testcase name="testPrintInfo2()" classname="com.example.project.LinearCalculatorTest" time="0.02"/>
  <testcase name="testPrintInfo3()" classname="com.example.project.LinearCalculatorTest" time="0.005"/>
  <testcase name="testPrintInfo4()" classname="com.example.project.LinearCalculatorTest" time="0.004"/>
  <testcase name="testPrintInfo5()" classname="com.example.project.LinearCalculatorTest" time="0.015"/>
  <testcase name="testPrintInfo6()" classname="com.example.project.LinearCalculatorTest" time="0.003"/>
  <testcase name="testDistance()" classname="com.example.project.LinearCalculatorTest" time="0.002"/>
  <system-out><![CDATA[]]></system-out>
  <system-err><![CDATA[]]></system-err>
</testsuite>
